<?xml version="1.0" encoding="UTF-8"?>
<!-- Generated by org.testng.reporters.JUnitReportReporter -->
<testsuite skipped="0" hostname="sarathkumar-PC" name="com.test.javaseleium.NewTest" tests="1" failures="0" timestamp="11 Jan 2018 09:11:33 GMT" time="15.591" errors="0">
  <testcase name="f" time="15.591" classname="com.test.javaseleium.NewTest"/>
</testsuite> <!-- com.test.javaseleium.NewTest -->
