<?xml version="1.0" encoding="UTF-8"?>
<!-- Generated by org.testng.reporters.JUnitReportReporter -->
<testsuite skipped="0" hostname="sarathkumar-PC" name="com.test.javaseleium.NewTest" tests="1" failures="0" timestamp="04 Dec 2017 08:54:22 GMT" time="5.672" errors="0">
  <testcase name="f" time="5.672" classname="com.test.javaseleium.NewTest"/>
</testsuite> <!-- com.test.javaseleium.NewTest -->
